2019-05-08 09:03:02 [INFO ] [ReviewController.java.search] : search/채훈채훈/1/강남
2019-05-08 09:26:15 [INFO ] [ReviewController.java.search] : search/채훈채훈/1/
2019-05-08 09:27:03 [INFO ] [ReviewController.java.post] : read/채훈채훈/60
2019-05-08 09:27:10 [INFO ] [ReviewController.java.search] : search/채훈채훈/1/
2019-05-08 09:27:30 [INFO ] [ReviewController.java.search] : search/채훈채훈/1/
2019-05-08 09:35:05 [INFO ] [ReviewController.java.search] : search/채훈채훈/1/
2019-05-08 09:35:31 [INFO ] [ReviewController.java.search] : search/채훈채훈/1/
2019-05-08 09:36:19 [INFO ] [ReviewController.java.search] : search/채훈채훈/1/
2019-05-08 10:30:22 [INFO ] [ReviewController.java.search] : search/null/1/
2019-05-08 10:33:06 [INFO ] [ReviewController.java.search] : search/null/1/
2019-05-08 10:34:33 [INFO ] [ReviewController.java.search] : search/null/1/
2019-05-08 10:36:08 [INFO ] [ReviewController.java.search] : search/null/1/
2019-05-08 10:36:22 [INFO ] [ReviewController.java.search] : search/null/1/
2019-05-08 10:37:15 [INFO ] [ReviewController.java.search] : search/null/1/
2019-05-08 10:38:46 [INFO ] [ReviewController.java.search] : search/null/1/
2019-05-08 10:39:46 [INFO ] [ReviewController.java.search] : search/null/1/
2019-05-08 10:42:34 [INFO ] [ReviewController.java.search] : search/null/1/
2019-05-08 10:42:47 [INFO ] [ReviewController.java.search] : search/null/1/
2019-05-08 10:43:28 [INFO ] [ReviewController.java.search] : search/null/1/
2019-05-08 10:44:08 [INFO ] [ReviewController.java.search] : search/null/1/
2019-05-08 10:44:21 [INFO ] [ReviewController.java.search] : search/null/1/
2019-05-08 10:45:50 [INFO ] [ReviewController.java.search] : search/null/1/
2019-05-08 10:45:59 [INFO ] [ReviewController.java.search] : search/null/1/
2019-05-08 10:46:21 [INFO ] [ReviewController.java.search] : search/null/1/
2019-05-08 10:47:50 [INFO ] [ReviewController.java.search] : search/null/1/
2019-05-08 10:49:04 [INFO ] [ReviewController.java.search] : search/null/1/
2019-05-08 10:49:54 [INFO ] [ReviewController.java.search] : search/null/1/
2019-05-08 10:50:41 [INFO ] [ReviewController.java.search] : search/null/1/
2019-05-08 10:53:14 [INFO ] [ReviewController.java.search] : search/null/1/
2019-05-08 10:53:33 [INFO ] [ReviewController.java.search] : search/null/1/
2019-05-08 11:02:05 [INFO ] [ReviewController.java.search] : search/null/1/
2019-05-08 11:05:32 [INFO ] [ReviewController.java.search] : search/null/1/
2019-05-08 11:07:07 [INFO ] [ReviewController.java.search] : search/null/1/
2019-05-08 11:21:45 [INFO ] [ReviewController.java.search] : search/null/1/
2019-05-08 11:21:53 [INFO ] [ReviewController.java.search] : search/null/2/
2019-05-08 11:21:59 [INFO ] [ReviewController.java.search] : search/null/1/
2019-05-08 11:22:02 [INFO ] [ReviewController.java.search] : search/null/1/rkdska
2019-05-08 11:22:05 [INFO ] [ReviewController.java.search] : search/null/1/강남
2019-05-08 11:22:51 [INFO ] [ReviewController.java.post] : read/null/57
2019-05-08 11:26:11 [INFO ] [ReviewController.java.search] : search/null/1/
2019-05-08 11:26:12 [INFO ] [ReviewController.java.search] : search/null/1/
2019-05-08 11:26:57 [INFO ] [ReviewController.java.search] : search/null/1/
2019-05-08 11:27:04 [INFO ] [ReviewController.java.search] : search/null/2/
2019-05-08 11:29:25 [INFO ] [ReviewController.java.search] : search/null/2/
2019-05-08 11:29:53 [INFO ] [ReviewController.java.search] : search/null/2/
2019-05-08 11:29:57 [INFO ] [ReviewController.java.search] : search/null/1/
2019-05-08 11:32:09 [INFO ] [ReviewController.java.search] : search/null/1/
2019-05-08 11:32:50 [INFO ] [ReviewController.java.search] : search/null/1/
2019-05-08 11:36:22 [INFO ] [ReviewController.java.search] : search/null/1/
2019-05-08 11:36:54 [INFO ] [ReviewController.java.search] : search/null/1/
2019-05-08 11:37:55 [INFO ] [ReviewController.java.search] : search/null/1/
2019-05-08 11:38:27 [INFO ] [ReviewController.java.search] : search/null/1/
2019-05-08 11:38:45 [INFO ] [ReviewController.java.search] : search/null/1/
2019-05-08 11:42:23 [INFO ] [ReviewController.java.search] : search/null/1/
2019-05-08 11:42:41 [INFO ] [ReviewController.java.search] : search/null/1/
2019-05-08 11:42:42 [INFO ] [ReviewController.java.search] : search/null/1/
2019-05-08 11:43:53 [INFO ] [ReviewController.java.search] : search/null/1/
2019-05-08 11:44:30 [INFO ] [ReviewController.java.search] : search/null/1/
2019-05-08 11:45:05 [INFO ] [ReviewController.java.search] : search/null/1/
2019-05-08 11:46:46 [INFO ] [ReviewController.java.search] : search/null/1/
2019-05-08 11:47:09 [INFO ] [ReviewController.java.search] : search/null/1/
2019-05-08 11:47:40 [INFO ] [ReviewController.java.search] : search/null/1/
2019-05-08 11:48:05 [INFO ] [ReviewController.java.search] : search/null/1/
2019-05-08 11:48:41 [INFO ] [ReviewController.java.search] : search/null/1/
2019-05-08 11:49:06 [INFO ] [ReviewController.java.search] : search/null/1/
2019-05-08 11:49:21 [INFO ] [ReviewController.java.search] : search/null/1/
2019-05-08 11:49:43 [INFO ] [ReviewController.java.search] : search/null/1/
2019-05-08 11:50:06 [INFO ] [ReviewController.java.search] : search/null/1/
2019-05-08 11:50:59 [INFO ] [ReviewController.java.search] : search/null/1/
2019-05-08 11:51:59 [INFO ] [ReviewController.java.search] : search/null/1/
2019-05-08 11:53:53 [INFO ] [ReviewController.java.search] : search/null/1/
2019-05-08 11:55:05 [INFO ] [ReviewController.java.search] : search/null/1/
2019-05-08 11:55:29 [INFO ] [ReviewController.java.search] : search/null/1/
2019-05-08 11:55:40 [INFO ] [ReviewController.java.search] : search/null/1/
2019-05-08 11:55:58 [INFO ] [ReviewController.java.search] : search/null/1/
2019-05-08 11:58:09 [INFO ] [ReviewController.java.search] : search/null/1/
2019-05-08 11:58:53 [INFO ] [ReviewController.java.search] : search/null/1/
2019-05-08 12:02:03 [INFO ] [ReviewController.java.search] : search/null/1/
2019-05-08 12:02:18 [INFO ] [ReviewController.java.search] : search/null/1/
2019-05-08 12:03:59 [INFO ] [ReviewController.java.search] : search/null/1/
2019-05-08 12:09:37 [INFO ] [ReviewController.java.search] : search/null/1/
2019-05-08 12:10:00 [INFO ] [ReviewController.java.search] : search/null/1/
2019-05-08 12:11:14 [INFO ] [ReviewController.java.search] : search/null/1/
2019-05-08 12:11:41 [INFO ] [ReviewController.java.search] : search/null/1/
2019-05-08 12:12:26 [INFO ] [ReviewController.java.search] : search/null/1/
2019-05-08 12:13:48 [INFO ] [ReviewController.java.search] : search/null/1/
2019-05-08 12:14:33 [INFO ] [ReviewController.java.search] : search/null/1/
2019-05-08 12:15:24 [INFO ] [ReviewController.java.search] : search/null/1/
2019-05-08 12:16:36 [INFO ] [ReviewController.java.search] : search/null/1/
2019-05-08 12:17:18 [INFO ] [ReviewController.java.search] : search/null/1/
2019-05-08 12:17:41 [INFO ] [ReviewController.java.search] : search/null/1/
2019-05-08 12:18:10 [INFO ] [ReviewController.java.search] : search/null/1/
2019-05-08 12:18:24 [INFO ] [ReviewController.java.search] : search/null/1/
2019-05-08 12:18:34 [INFO ] [ReviewController.java.search] : search/null/1/
2019-05-08 12:19:13 [INFO ] [ReviewController.java.search] : search/null/1/
2019-05-08 12:19:38 [INFO ] [ReviewController.java.search] : search/null/1/
2019-05-08 12:19:48 [INFO ] [ReviewController.java.search] : search/null/1/
2019-05-08 12:21:06 [INFO ] [ReviewController.java.search] : search/null/1/
2019-05-08 12:21:13 [INFO ] [ReviewController.java.search] : search/null/1/
2019-05-08 12:23:06 [INFO ] [ReviewController.java.search] : search/null/1/
2019-05-08 12:23:16 [INFO ] [ReviewController.java.search] : search/null/1/
2019-05-08 12:23:28 [INFO ] [ReviewController.java.search] : search/null/1/
2019-05-08 12:24:24 [INFO ] [ReviewController.java.search] : search/null/1/
2019-05-08 12:24:38 [INFO ] [ReviewController.java.search] : search/null/1/
2019-05-08 12:25:41 [INFO ] [ReviewController.java.search] : search/null/1/
2019-05-08 12:26:03 [INFO ] [ReviewController.java.search] : search/null/1/
2019-05-08 12:26:30 [INFO ] [ReviewController.java.search] : search/null/1/
2019-05-08 12:27:06 [INFO ] [ReviewController.java.search] : search/null/1/
2019-05-08 12:28:09 [INFO ] [ReviewController.java.search] : search/null/1/
2019-05-08 12:28:26 [INFO ] [ReviewController.java.search] : search/null/1/
2019-05-08 12:28:39 [INFO ] [ReviewController.java.post] : read/null/60
2019-05-08 13:39:26 [INFO ] [ReviewController.java.search] : search/null/1/
2019-05-08 13:39:47 [INFO ] [ReviewController.java.search] : search/null/1/
2019-05-08 13:39:48 [INFO ] [ReviewController.java.search] : search/null/1/
2019-05-08 13:45:49 [INFO ] [ReviewController.java.search] : search/null/1/
2019-05-08 13:45:56 [INFO ] [ReviewController.java.post] : read/null/60
2019-05-08 13:49:11 [INFO ] [ReviewController.java.search] : search/null/1/
2019-05-08 14:13:05 [INFO ] [ReviewController.java.search] : search/null/1/
2019-05-08 14:13:23 [INFO ] [ReviewController.java.search] : search/null/1/강남
2019-05-08 14:13:32 [INFO ] [ReviewController.java.search] : search/null/1/강남
2019-05-08 14:13:35 [INFO ] [ReviewController.java.search] : search/null/1/강남
2019-05-08 14:13:51 [INFO ] [ReviewController.java.search] : search/null/1/
2019-05-08 14:17:49 [INFO ] [ReviewController.java.search] : search/null/1/
2019-05-08 14:17:52 [INFO ] [ReviewController.java.search] : search/null/1/
2019-05-08 14:20:49 [INFO ] [ReviewController.java.search] : search/null/1/
2019-05-08 14:27:08 [INFO ] [ReviewController.java.search] : search/null/1/
2019-05-08 14:27:47 [INFO ] [ReviewController.java.search] : search/null/1/
2019-05-08 14:29:26 [INFO ] [ReviewController.java.search] : search/null/1/
2019-05-08 14:30:18 [INFO ] [ReviewController.java.search] : search/null/1/
2019-05-08 14:32:03 [INFO ] [ReviewController.java.search] : search/null/1/
2019-05-08 14:33:11 [INFO ] [ReviewController.java.search] : search/null/1/
2019-05-08 14:36:52 [INFO ] [ReviewController.java.search] : search/null/1/
2019-05-08 15:14:54 [INFO ] [ReviewController.java.search] : search/null/1/
2019-05-08 15:17:51 [INFO ] [ReviewController.java.search] : search/null/1/
2019-05-08 15:21:11 [INFO ] [ReviewController.java.search] : search/null/1/
2019-05-08 15:23:05 [INFO ] [ReviewController.java.search] : search/null/1/
2019-05-08 15:23:06 [INFO ] [ReviewController.java.search] : search/null/1/
2019-05-08 15:24:20 [INFO ] [ReviewController.java.search] : search/null/1/
2019-05-08 15:24:20 [INFO ] [ReviewController.java.search] : search/null/1/
2019-05-08 15:25:00 [INFO ] [ReviewController.java.search] : search/null/1/
2019-05-08 15:25:32 [INFO ] [ReviewController.java.search] : search/null/1/
2019-05-08 15:25:32 [INFO ] [ReviewController.java.search] : search/null/1/
2019-05-08 15:38:03 [INFO ] [ReviewController.java.search] : search/null/1/
2019-05-08 15:38:30 [INFO ] [ReviewController.java.search] : search/null/1/
2019-05-08 15:38:57 [INFO ] [ReviewController.java.search] : search/null/1/
2019-05-08 15:39:07 [INFO ] [ReviewController.java.search] : search/null/1/
2019-05-08 15:39:56 [INFO ] [ReviewController.java.search] : search/null/1/
2019-05-08 15:40:34 [INFO ] [ReviewController.java.search] : search/null/1/
2019-05-08 15:41:00 [INFO ] [ReviewController.java.search] : search/null/1/
2019-05-08 15:41:26 [INFO ] [ReviewController.java.search] : search/null/1/
2019-05-08 15:42:01 [INFO ] [ReviewController.java.search] : search/null/1/
2019-05-08 15:42:07 [INFO ] [ReviewController.java.post] : read/null/26
2019-05-08 15:43:05 [INFO ] [ReviewController.java.search] : search/null/1/
2019-05-08 15:44:42 [INFO ] [ReviewController.java.search] : search/null/1/
2019-05-08 15:45:51 [INFO ] [ReviewController.java.search] : search/null/1/
2019-05-08 15:48:36 [INFO ] [ReviewController.java.search] : search/null/1/
2019-05-08 15:48:58 [INFO ] [ReviewController.java.search] : search/null/1/
2019-05-08 15:50:03 [INFO ] [ReviewController.java.search] : search/null/1/
2019-05-08 15:50:53 [INFO ] [ReviewController.java.search] : search/null/1/
2019-05-08 15:51:07 [INFO ] [ReviewController.java.search] : search/null/1/
2019-05-08 15:51:47 [INFO ] [ReviewController.java.search] : search/null/1/
2019-05-08 15:52:11 [INFO ] [ReviewController.java.search] : search/null/1/
2019-05-08 15:52:18 [INFO ] [ReviewController.java.search] : search/null/1/
2019-05-08 15:53:00 [INFO ] [ReviewController.java.search] : search/null/1/
2019-05-08 15:57:34 [INFO ] [ReviewController.java.search] : search/null/1/
2019-05-08 16:08:21 [INFO ] [ReviewController.java.search] : search/null/1/
2019-05-08 16:08:51 [INFO ] [ReviewController.java.search] : search/null/1/
2019-05-08 16:09:02 [INFO ] [ReviewController.java.search] : search/null/1/
2019-05-08 16:09:15 [INFO ] [ReviewController.java.search] : search/null/1/
2019-05-08 16:09:27 [INFO ] [ReviewController.java.search] : search/null/1/
2019-05-08 16:09:37 [INFO ] [ReviewController.java.search] : search/null/1/
2019-05-08 16:09:45 [INFO ] [ReviewController.java.search] : search/null/1/
2019-05-08 16:10:00 [INFO ] [ReviewController.java.search] : search/null/1/
2019-05-08 16:11:23 [INFO ] [ReviewController.java.search] : search/null/1/
2019-05-08 16:11:56 [INFO ] [ReviewController.java.search] : search/null/1/
2019-05-08 16:13:18 [INFO ] [ReviewController.java.search] : search/null/1/
2019-05-08 16:13:54 [INFO ] [ReviewController.java.search] : search/null/1/
2019-05-08 16:14:08 [INFO ] [ReviewController.java.search] : search/null/1/
2019-05-08 16:14:39 [INFO ] [ReviewController.java.search] : search/null/1/
2019-05-08 16:14:52 [INFO ] [ReviewController.java.search] : search/null/1/
2019-05-08 16:15:13 [INFO ] [ReviewController.java.search] : search/null/1/
2019-05-08 16:15:39 [INFO ] [ReviewController.java.search] : search/null/1/
2019-05-08 16:17:02 [INFO ] [ReviewController.java.search] : search/null/1/
2019-05-08 16:17:18 [INFO ] [ReviewController.java.search] : search/null/1/
2019-05-08 16:17:43 [INFO ] [ReviewController.java.search] : search/null/1/
2019-05-08 16:17:59 [INFO ] [ReviewController.java.search] : search/null/1/
2019-05-08 16:20:15 [INFO ] [ReviewController.java.search] : search/null/1/
2019-05-08 16:20:48 [INFO ] [ReviewController.java.search] : search/null/1/
2019-05-08 16:21:05 [INFO ] [ReviewController.java.search] : search/null/1/
2019-05-08 16:21:48 [INFO ] [ReviewController.java.search] : search/null/1/
2019-05-08 16:21:59 [INFO ] [ReviewController.java.search] : search/null/1/
2019-05-08 16:22:13 [INFO ] [ReviewController.java.search] : search/null/1/
2019-05-08 16:22:28 [INFO ] [ReviewController.java.search] : search/null/1/
2019-05-08 16:22:44 [INFO ] [ReviewController.java.search] : search/null/1/
2019-05-08 16:22:55 [INFO ] [ReviewController.java.post] : read/null/26
2019-05-08 16:23:51 [INFO ] [ReviewController.java.post] : read/null/5
2019-05-08 16:24:01 [INFO ] [ReviewController.java.post] : read/null/26
2019-05-08 16:24:40 [INFO ] [ReviewController.java.post] : read/null/4
2019-05-08 16:24:47 [INFO ] [ReviewController.java.post] : read/null/2
2019-05-08 16:33:30 [INFO ] [ReviewController.java.post] : read/null/2
2019-05-08 17:10:23 [INFO ] [ReviewController.java.search] : search/null/1/
2019-05-08 17:11:02 [INFO ] [ReviewController.java.search] : search/채훈채훈/1/
2019-05-08 17:11:45 [INFO ] [ReviewController.java.search] : search/채훈채훈/1/강남
2019-05-08 17:26:36 [INFO ] [ReviewController.java.search] : search/채훈채훈/1/강남
2019-05-08 17:26:43 [INFO ] [ReviewController.java.search] : search/채훈채훈/1/
2019-05-08 17:27:03 [INFO ] [ReviewController.java.search] : search/채훈채훈/1/
2019-05-08 17:27:30 [INFO ] [ReviewController.java.search] : search/채훈채훈/1/
2019-05-08 17:27:35 [INFO ] [ReviewController.java.search] : search/채훈채훈/1/강남
2019-05-08 17:27:52 [INFO ] [ReviewController.java.post] : read/채훈채훈/60
2019-05-08 17:31:00 [INFO ] [ReviewController.java.search] : search/채훈채훈/1/강남
2019-05-08 17:44:09 [INFO ] [ReviewController.java.search] : search/채훈채훈/1/강남
2019-05-08 17:44:11 [INFO ] [ReviewController.java.search] : search/채훈채훈/1/강남
2019-05-08 17:44:30 [INFO ] [ReviewController.java.search] : search/채훈채훈/1/강남
2019-05-08 17:45:06 [INFO ] [ReviewController.java.search] : search/채훈채훈/1/강남
2019-05-08 17:46:02 [INFO ] [ReviewController.java.search] : search/채훈채훈/1/강남
2019-05-08 17:47:09 [INFO ] [ReviewController.java.search] : search/채훈채훈/1/강남
2019-05-08 17:47:20 [INFO ] [ReviewController.java.search] : search/채훈채훈/1/강남
2019-05-08 17:48:14 [INFO ] [ReviewController.java.search] : search/채훈채훈/1/강남
