2019-05-09 09:08:47 [INFO ] [ReviewController.java.search] : search/null/1/강남
2019-05-09 09:08:54 [INFO ] [ReviewController.java.search] : search/null/1/강남
2019-05-09 09:12:17 [INFO ] [ReviewController.java.search] : search/null/1/강남
2019-05-09 09:12:24 [INFO ] [ReviewController.java.search] : search/null/1/
2019-05-09 09:12:46 [INFO ] [ReviewController.java.search] : search/null/1/
2019-05-09 09:12:54 [INFO ] [ReviewController.java.search] : search/null/1/
2019-05-09 09:13:17 [INFO ] [ReviewController.java.post] : read/null/60
2019-05-09 10:36:59 [INFO ] [ReviewController.java.search] : search/null/1/
2019-05-09 10:41:07 [INFO ] [ReviewController.java.search] : search/채훈채훈/1/
2019-05-09 10:42:18 [INFO ] [ReviewController.java.post] : read/채훈채훈/60
2019-05-09 10:42:44 [INFO ] [ReviewController.java.search] : search/채훈채훈/1/
2019-05-09 10:42:55 [INFO ] [ReviewController.java.search] : search/채훈채훈/1/
2019-05-09 10:49:39 [INFO ] [ReviewController.java.search] : search/채훈채훈/1/
2019-05-09 10:49:55 [INFO ] [ReviewController.java.search] : search/채훈채훈/2/
2019-05-09 10:50:04 [INFO ] [ReviewController.java.post] : read/채훈채훈/6
2019-05-09 11:28:13 [INFO ] [ReviewController.java.search] : search/null/1/
2019-05-09 12:17:30 [INFO ] [ReviewController.java.search] : search/채훈채훈/1/
2019-05-09 12:18:20 [INFO ] [ReviewController.java.search] : search/채훈채훈/1/
2019-05-09 12:19:38 [INFO ] [ReviewController.java.search] : search/채훈채훈/1/
2019-05-09 12:22:24 [INFO ] [ReviewController.java.search] : search/채훈채훈/1/
2019-05-09 12:22:40 [INFO ] [ReviewController.java.search] : search/채훈채훈/1/강남
2019-05-09 12:23:02 [INFO ] [ReviewController.java.search] : search/채훈채훈/1/강남
2019-05-09 12:23:24 [INFO ] [ReviewController.java.search] : search/채훈채훈/1/강남
2019-05-09 12:23:39 [INFO ] [ReviewController.java.search] : search/채훈채훈/1/강남
2019-05-09 12:23:47 [INFO ] [ReviewController.java.search] : search/채훈채훈/1/강남
2019-05-09 12:23:53 [INFO ] [ReviewController.java.search] : search/채훈채훈/1/강남
2019-05-09 12:24:18 [INFO ] [ReviewController.java.search] : search/채훈채훈/1/강남
2019-05-09 12:24:47 [INFO ] [ReviewController.java.search] : search/채훈채훈/1/강남
2019-05-09 12:24:57 [INFO ] [ReviewController.java.search] : search/채훈채훈/1/강남
2019-05-09 12:25:04 [INFO ] [ReviewController.java.search] : search/채훈채훈/1/강남
2019-05-09 12:25:16 [INFO ] [ReviewController.java.search] : search/채훈채훈/1/강남
2019-05-09 12:25:26 [INFO ] [ReviewController.java.post] : read/채훈채훈/4
2019-05-09 12:25:27 [INFO ] [ReviewController.java.post] : read/채훈채훈/4
2019-05-09 12:25:27 [INFO ] [ReviewController.java.post] : read/채훈채훈/4
2019-05-09 12:25:27 [INFO ] [ReviewController.java.post] : read/채훈채훈/4
2019-05-09 12:25:47 [INFO ] [ReviewController.java.post] : read/채훈채훈/4
2019-05-09 12:25:50 [INFO ] [ReviewController.java.search] : search/채훈채훈/1/강남
2019-05-09 12:25:59 [INFO ] [ReviewController.java.post] : read/채훈채훈/4
2019-05-09 12:27:28 [INFO ] [ReviewController.java.post] : read/채훈채훈/4
2019-05-09 12:27:34 [INFO ] [ReviewController.java.post] : read/채훈채훈/4
2019-05-09 12:27:47 [INFO ] [ReviewController.java.post] : read/채훈채훈/4
2019-05-09 12:27:50 [INFO ] [ReviewController.java.post] : read/채훈채훈/4
2019-05-09 12:27:59 [INFO ] [ReviewController.java.post] : read/채훈채훈/4
2019-05-09 12:28:25 [INFO ] [ReviewController.java.post] : read/채훈채훈/4
2019-05-09 12:28:58 [INFO ] [ReviewController.java.post] : read/채훈채훈/4
2019-05-09 12:29:04 [INFO ] [ReviewController.java.post] : read/채훈채훈/4
2019-05-09 12:29:15 [INFO ] [ReviewController.java.post] : read/채훈채훈/4
2019-05-09 12:29:22 [INFO ] [ReviewController.java.post] : read/채훈채훈/4
2019-05-09 12:29:38 [INFO ] [ReviewController.java.post] : read/채훈채훈/5
2019-05-09 12:31:45 [INFO ] [ReviewController.java.post] : read/채훈채훈/5
2019-05-09 12:32:55 [INFO ] [ReviewController.java.post] : read/채훈채훈/5
2019-05-09 12:33:23 [INFO ] [ReviewController.java.post] : read/채훈채훈/5
2019-05-09 12:34:02 [INFO ] [ReviewController.java.post] : read/채훈채훈/5
2019-05-09 12:34:29 [INFO ] [ReviewController.java.post] : read/채훈채훈/5
2019-05-09 12:34:43 [INFO ] [ReviewController.java.post] : read/채훈채훈/5
2019-05-09 12:34:54 [INFO ] [ReviewController.java.post] : read/채훈채훈/5
2019-05-09 12:35:12 [INFO ] [ReviewController.java.post] : read/채훈채훈/5
2019-05-09 12:35:29 [INFO ] [ReviewController.java.post] : read/채훈채훈/5
2019-05-09 12:37:15 [INFO ] [ReviewController.java.post] : read/채훈채훈/5
2019-05-09 12:37:41 [INFO ] [ReviewController.java.post] : read/채훈채훈/5
2019-05-09 12:37:53 [INFO ] [ReviewController.java.post] : read/채훈채훈/5
2019-05-09 12:38:01 [INFO ] [ReviewController.java.post] : read/채훈채훈/5
2019-05-09 12:39:52 [INFO ] [ReviewController.java.post] : read/채훈채훈/5
2019-05-09 12:39:56 [INFO ] [ReviewController.java.post] : read/채훈채훈/5
